** Drc report for LoRa-V3-Mini-PCB.kicad_pcb **
** Created on 2024-10-09T18:32:20+0000 **

** Found 8 DRC violations **
[via_dangling]: Via is not connected or connected on only one layer
    ; warning (excluded)
    @(130.41 mm, 107.25 mm): Via [3.3V-Switched] on F.Cu - B.Cu
[missing_courtyard]: Footprint has no courtyard defined
    ; warning (excluded)
    @(172.91 mm, 100.75 mm): Footprint G***
[lib_footprint_issues]: The current configuration does not include the library '1GlobalFootprintsLibrary'.
    ; warning
    @(130.41 mm, 105.25 mm): Footprint U4
[lib_footprint_issues]: The current configuration does not include the library '1GlobalFootprintsLibrary'.
    ; warning
    @(139.16 mm, 101.75 mm): Footprint Q1
[lib_footprint_issues]: The current configuration does not include the library '1GlobalFootprintsLibrary'.
    ; warning
    @(171.91 mm, 107.25 mm): Footprint ANT1
[lib_footprint_issues]: The current configuration does not include the library '1GlobalFootprintsLibrary'.
    ; warning
    @(137.16 mm, 97.5 mm): Footprint SW2
[lib_footprint_issues]: The current configuration does not include the library '1GlobalFootprintsLibrary'.
    ; warning
    @(139.16 mm, 107.75 mm): Footprint U2
[lib_footprint_issues]: The current configuration does not include the library '1GlobalFootprintsLibrary'.
    ; warning
    @(172.91 mm, 100.75 mm): Footprint G***

** Found 0 unconnected pads **

** Found 3 Footprint errors **
[footprint_symbol_mismatch]: F1 footprint (Fiducial:Fiducial_0.75mm_Mask1.5mm) doesn't match that given by symbol (Fiducial:Fiducial_0.5mm_Mask1mm).
    ; warning
    @(130.41 mm, 111.0 mm): Footprint F1
[footprint_symbol_mismatch]: F2 footprint (Fiducial:Fiducial_0.75mm_Mask1.5mm) doesn't match that given by symbol (Fiducial:Fiducial_0.5mm_Mask1mm).
    ; warning
    @(179.41 mm, 111.0 mm): Footprint F2
[footprint_symbol_mismatch]: F3 footprint (Fiducial:Fiducial_0.75mm_Mask1.5mm) doesn't match that given by symbol (Fiducial:Fiducial_0.5mm_Mask1mm).
    ; warning
    @(179.41 mm, 96.0 mm): Footprint F3

** End of Report **
