ERC report (2024-10-09T13:08:28+0000, Encoding UTF8)

***** Sheet /
[lib_symbol_issues]: The current configuration does not include the library '1GlobalSymbolsLibrary'
    ; warning
    @(2.54 mm, 1.4351 mm): Symbol SW2 [Switch_435451019820]

[lib_symbol_issues]: The current configuration does not include the library '1GlobalSymbolsLibrary'
    ; warning
    @(2.0701 mm, 0.9525 mm): Symbol SW1 [Switch_434331045822]

[lib_symbol_issues]: The current configuration does not include the library '1GlobalSymbolsLibrary'
    ; warning
    @(0.9017 mm, 0.5969 mm): Symbol Q1 [Si2367DS]

[lib_symbol_issues]: The current configuration does not include the library '1GlobalSymbolsLibrary'
    ; warning
    @(0.6858 mm, 0.9779 mm): Symbol U3 [SHT40]

[lib_symbol_issues]: The current configuration does not include the library '1GlobalSymbolsLibrary'
    ; warning
    @(0.9144 mm, 0.9779 mm): Symbol U4 [TSL2591]

[lib_symbol_issues]: The current configuration does not include the library '1GlobalSymbolsLibrary'
    ; warning
    @(1.1557 mm, 0.9779 mm): Symbol U2 [BR24G1MFVT]

 ** ERC messages: 6  Errors 0  Warnings 6
